<?xml version="1.0" encoding="UTF-8"?>
<!-- Generated by org.testng.reporters.JUnitReportReporter -->
<testsuite hostname="DESKTOP-21J6DGF" failures="0" tests="1" name="com.crm.vtiger.TestCaseWithPom.TC_37_SearchLeadByLeadNumber_Test" time="42.881" errors="0" timestamp="2021-05-09T19:41:30 PDT" skipped="0">
  <testcase classname="com.crm.vtiger.TestCaseWithPom.TC_37_SearchLeadByLeadNumber_Test" name="searchLeadbyLeadNo" time="42.881"/>
  <system-out>
PASS :: Searched Lead Number is Displayed  </system-out>
</testsuite> <!-- com.crm.vtiger.TestCaseWithPom.TC_37_SearchLeadByLeadNumber_Test -->
