<?xml version="1.0" encoding="UTF-8"?>
<!-- Generated by org.testng.reporters.JUnitReportReporter -->
<testsuite hostname="DESKTOP-21J6DGF" failures="0" tests="1" name="webTable.GettingAllOrganizationNamesTest" time="61.385" errors="0" timestamp="2021-04-28T11:40:37 PDT" skipped="0">
  <testcase classname="webTable.GettingAllOrganizationNamesTest" name="getOrganisationNames" time="61.385"/>
  <system-out/>
</testsuite> <!-- webTable.GettingAllOrganizationNamesTest -->
