<?xml version="1.0" encoding="UTF-8"?>
<!-- Generated by org.testng.reporters.JUnitReportReporter -->
<testsuite hostname="DESKTOP-21J6DGF" failures="0" tests="1" name="com.crm.vtigerTestCases.SearchLeadByCompanyName" time="21.565" errors="0" timestamp="2021-04-29T00:06:18 PDT" skipped="0">
  <testcase classname="com.crm.vtigerTestCases.SearchLeadByCompanyName" name="searchLeadByLastName" time="21.565"/>
  <system-out/>
</testsuite> <!-- com.crm.vtigerTestCases.SearchLeadByCompanyName -->
