<?xml version="1.0" encoding="UTF-8"?>
<!-- Generated by org.testng.reporters.JUnitReportReporter -->
<testsuite hostname="DESKTOP-21J6DGF" failures="0" tests="1" name="com.crm.vtiger.TestCases_ExcelData.TC_36_ConvertLeadtoOpportunity" time="70.418" errors="0" timestamp="2021-05-01T23:54:05 PDT" skipped="0">
  <testcase classname="com.crm.vtiger.TestCases_ExcelData.TC_36_ConvertLeadtoOpportunity" name="convertLeadtoOpportunity" time="70.418"/>
  <system-out/>
</testsuite> <!-- com.crm.vtiger.TestCases_ExcelData.TC_36_ConvertLeadtoOpportunity -->
