<?xml version="1.0" encoding="UTF-8"?>
<!-- Generated by org.testng.reporters.JUnitReportReporter -->
<testsuite hostname="DESKTOP-21J6DGF" failures="0" tests="1" name="com.crm.vtigerTestCases.ConvertLeadtoOpportunity" time="43.484" errors="0" timestamp="2021-04-29T10:29:15 PDT" skipped="0">
  <testcase classname="com.crm.vtigerTestCases.ConvertLeadtoOpportunity" name="convertLeadtoOpportunity" time="43.484"/>
  <system-out/>
</testsuite> <!-- com.crm.vtigerTestCases.ConvertLeadtoOpportunity -->
