<?xml version="1.0" encoding="UTF-8"?>
<!-- Generated by org.testng.reporters.JUnitReportReporter -->
<testsuite hostname="DESKTOP-21J6DGF" failures="0" tests="1" name="com.crm.vtigerTestCases_PropertyData.TC_40_SearchLeadByCompanyName_Test" time="50.241" errors="0" timestamp="2021-05-02T12:03:57 PDT" skipped="0">
  <testcase classname="com.crm.vtigerTestCases_PropertyData.TC_40_SearchLeadByCompanyName_Test" name="searchLeadByCompanyName" time="50.241"/>
  <system-out/>
</testsuite> <!-- com.crm.vtigerTestCases_PropertyData.TC_40_SearchLeadByCompanyName_Test -->
