<?xml version="1.0" encoding="UTF-8"?>
<!-- Generated by org.testng.reporters.JUnitReportReporter -->
<testsuite hostname="DESKTOP-21J6DGF" failures="0" tests="1" name="com.crm.vtigerTestCases.SearchLeadByLeadNumber" time="24.778" errors="0" timestamp="2021-04-29T00:36:54 PDT" skipped="0">
  <testcase classname="com.crm.vtigerTestCases.SearchLeadByLeadNumber" name="searchLeadbyLeadNo" time="24.778"/>
  <system-out/>
</testsuite> <!-- com.crm.vtigerTestCases.SearchLeadByLeadNumber -->
