<?xml version="1.0" encoding="UTF-8"?>
<!-- Generated by org.testng.reporters.JUnitReportReporter -->
<testsuite hostname="DESKTOP-21J6DGF" failures="0" tests="1" name="com.crm.vtigerTestCases_PropertyData.TC_37_SearchLeadByLeadNumber_Test" time="34.642" errors="0" timestamp="2021-05-02T10:11:24 PDT" skipped="0">
  <testcase classname="com.crm.vtigerTestCases_PropertyData.TC_37_SearchLeadByLeadNumber_Test" name="searchLeadbyLeadNo" time="34.642"/>
  <system-out/>
</testsuite> <!-- com.crm.vtigerTestCases_PropertyData.TC_37_SearchLeadByLeadNumber_Test -->
