<?xml version="1.0" encoding="UTF-8"?>
<!-- Generated by org.testng.reporters.JUnitReportReporter -->
<testsuite hostname="DESKTOP-21J6DGF" failures="0" tests="1" name="com.crm.vtiger.TestCaseWithPom.TC_39_SearchLeadByFirstName_Test" time="33.494" errors="0" timestamp="2021-05-06T09:43:52 PDT" skipped="0">
  <testcase classname="com.crm.vtiger.TestCaseWithPom.TC_39_SearchLeadByFirstName_Test" name="searchLeadByFirstName" time="33.494"/>
  <system-out>
Searched Lead's first name is Displayed  </system-out>
</testsuite> <!-- com.crm.vtiger.TestCaseWithPom.TC_39_SearchLeadByFirstName_Test -->
