<?xml version="1.0" encoding="UTF-8"?>
<!-- Generated by org.testng.reporters.JUnitReportReporter -->
<testsuite hostname="DESKTOP-21J6DGF" failures="0" tests="1" name="com.crm.vtigerTestCases.TC_39_SearchLeadByFirstName_Test" time="23.487" errors="0" timestamp="2021-04-29T13:00:52 PDT" skipped="0">
  <testcase classname="com.crm.vtigerTestCases.TC_39_SearchLeadByFirstName_Test" name="searchLeadByLastName" time="23.487"/>
  <system-out/>
</testsuite> <!-- com.crm.vtigerTestCases.TC_39_SearchLeadByFirstName_Test -->
