<?xml version="1.0" encoding="UTF-8"?>
<!-- Generated by org.testng.reporters.JUnitReportReporter -->
<testsuite hostname="DESKTOP-21J6DGF" failures="0" tests="1" name="com.crm.vtigerTestCases.SearchLeadByLastName" time="20.980" errors="0" timestamp="2021-04-29T00:33:04 PDT" skipped="0">
  <testcase classname="com.crm.vtigerTestCases.SearchLeadByLastName" name="searchLeadByLastName" time="20.980"/>
  <system-out/>
</testsuite> <!-- com.crm.vtigerTestCases.SearchLeadByLastName -->
