<?xml version="1.0" encoding="UTF-8"?>
<!-- Generated by org.testng.reporters.JUnitReportReporter -->
<testsuite hostname="DESKTOP-21J6DGF" failures="0" tests="1" name="com.crm.VtigerTests.CreateContactsTest" time="32.182" errors="0" timestamp="2021-04-28T14:06:52 PDT" skipped="0">
  <testcase classname="com.crm.VtigerTests.CreateContactsTest" name="createOrganisation" time="32.182"/>
  <system-out/>
</testsuite> <!-- com.crm.VtigerTests.CreateContactsTest -->
