<?xml version="1.0" encoding="UTF-8"?>
<!-- Generated by org.testng.reporters.JUnitReportReporter -->
<testsuite hostname="DESKTOP-21J6DGF" failures="0" tests="1" name="com.crm.vtigerTestCases.TC_38_SearchLeadByLastName_Test" time="37.413" errors="0" timestamp="2021-04-29T22:58:44 PDT" skipped="0">
  <testcase classname="com.crm.vtigerTestCases.TC_38_SearchLeadByLastName_Test" name="searchLeadByLastName" time="37.413"/>
  <system-out/>
</testsuite> <!-- com.crm.vtigerTestCases.TC_38_SearchLeadByLastName_Test -->
