<?xml version="1.0" encoding="UTF-8"?>
<!-- Generated by org.testng.reporters.JUnitReportReporter -->
<testsuite hostname="DESKTOP-21J6DGF" failures="0" tests="1" name="com.crm.vtigerTestCases_PropertyData.TC_36_ConvertLeadtoOpportunity_Test" time="111.965" errors="0" timestamp="2021-05-02T10:07:51 PDT" skipped="0">
  <testcase classname="com.crm.vtigerTestCases_PropertyData.TC_36_ConvertLeadtoOpportunity_Test" name="convertLeadtoOpportunity" time="111.965"/>
  <system-out/>
</testsuite> <!-- com.crm.vtigerTestCases_PropertyData.TC_36_ConvertLeadtoOpportunity_Test -->
