<?xml version="1.0" encoding="UTF-8"?>
<!-- Generated by org.testng.reporters.JUnitReportReporter -->
<testsuite hostname="DESKTOP-21J6DGF" failures="0" tests="1" name="com.crm.vtiger.TestCaseWithPom.TC_38_SearchLeadByLastName_Test" time="32.921" errors="0" timestamp="2021-05-06T09:42:35 PDT" skipped="0">
  <testcase classname="com.crm.vtiger.TestCaseWithPom.TC_38_SearchLeadByLastName_Test" name="searchLeadByLastName" time="32.921"/>
  <system-out>
Searched Lead's last name is Displayed  </system-out>
</testsuite> <!-- com.crm.vtiger.TestCaseWithPom.TC_38_SearchLeadByLastName_Test -->
