<?xml version="1.0" encoding="UTF-8"?>
<!-- Generated by org.testng.reporters.JUnitReportReporter -->
<testsuite hostname="DESKTOP-21J6DGF" failures="0" tests="1" name="com.crm.vtigerTestCases_PropertyData.TC_38_SearchLeadByLastName_Test" time="47.403" errors="0" timestamp="2021-05-02T11:54:36 PDT" skipped="0">
  <testcase classname="com.crm.vtigerTestCases_PropertyData.TC_38_SearchLeadByLastName_Test" name="searchLeadByLastName" time="47.403"/>
  <system-out/>
</testsuite> <!-- com.crm.vtigerTestCases_PropertyData.TC_38_SearchLeadByLastName_Test -->
