<?xml version="1.0" encoding="UTF-8"?>
<!-- Generated by org.testng.reporters.JUnitReportReporter -->
<testsuite hostname="DESKTOP-21J6DGF" failures="0" tests="1" name="com.crm.VtigerTests.CreateOrganisationTest" time="28.901" errors="0" timestamp="2021-04-28T13:27:13 PDT" skipped="0">
  <testcase classname="com.crm.VtigerTests.CreateOrganisationTest" name="createOrganisation" time="28.901"/>
  <system-out/>
</testsuite> <!-- com.crm.VtigerTests.CreateOrganisationTest -->
