<?xml version="1.0" encoding="UTF-8"?>
<!-- Generated by org.testng.reporters.JUnitReportReporter -->
<testsuite hostname="DESKTOP-21J6DGF" failures="0" tests="1" name="com.crm.vtiger.TestCaseWithPom.TC_36_ConvertLeadtoOpportunity" time="45.917" errors="0" timestamp="2021-05-06T09:27:24 PDT" skipped="0">
  <testcase classname="com.crm.vtiger.TestCaseWithPom.TC_36_ConvertLeadtoOpportunity" name="convertLeadtoOpportunity" time="45.917"/>
  <system-out>
Organisation name is Displayed as per Expectation  </system-out>
</testsuite> <!-- com.crm.vtiger.TestCaseWithPom.TC_36_ConvertLeadtoOpportunity -->
