<?xml version="1.0" encoding="UTF-8"?>
<!-- Generated by org.testng.reporters.JUnitReportReporter -->
<testsuite hostname="DESKTOP-21J6DGF" failures="0" tests="1" name="com.crm.vtigerTestCases.TC_37_SearchLeadByLeadNumber_Test" time="23.465" errors="0" timestamp="2021-04-29T13:09:08 PDT" skipped="0">
  <testcase classname="com.crm.vtigerTestCases.TC_37_SearchLeadByLeadNumber_Test" name="searchLeadbyLeadNo" time="23.465"/>
  <system-out/>
</testsuite> <!-- com.crm.vtigerTestCases.TC_37_SearchLeadByLeadNumber_Test -->
