<?xml version="1.0" encoding="UTF-8"?>
<!-- Generated by org.testng.reporters.JUnitReportReporter -->
<testsuite hostname="DESKTOP-21J6DGF" failures="0" tests="1" name="com.crm.vtigerTestCases.SearchLeadByFirstName" time="26.862" errors="0" timestamp="2021-04-29T09:54:02 PDT" skipped="0">
  <testcase classname="com.crm.vtigerTestCases.SearchLeadByFirstName" name="searchLeadByLastName" time="26.862"/>
  <system-out/>
</testsuite> <!-- com.crm.vtigerTestCases.SearchLeadByFirstName -->
