<?xml version="1.0" encoding="UTF-8"?>
<!-- Generated by org.testng.reporters.JUnitReportReporter -->
<testsuite hostname="DESKTOP-21J6DGF" failures="0" tests="1" name="com.crm.vtigerTestCases.TC_40_SearchLeadByCompanyName_Test" time="31.117" errors="0" timestamp="2021-04-29T13:06:08 PDT" skipped="0">
  <testcase classname="com.crm.vtigerTestCases.TC_40_SearchLeadByCompanyName_Test" name="searchLeadByLastName" time="31.117"/>
  <system-out/>
</testsuite> <!-- com.crm.vtigerTestCases.TC_40_SearchLeadByCompanyName_Test -->
