<?xml version="1.0" encoding="UTF-8"?>
<!-- Generated by org.testng.reporters.JUnitReportReporter -->
<testsuite hostname="DESKTOP-21J6DGF" failures="0" tests="1" name="com.crm.VtigerTests.CreateOrganizationwithIndustryTest" time="39.646" errors="0" timestamp="2021-04-28T14:15:55 PDT" skipped="0">
  <testcase classname="com.crm.VtigerTests.CreateOrganizationwithIndustryTest" name="createOrganisation" time="39.646"/>
  <system-out/>
</testsuite> <!-- com.crm.VtigerTests.CreateOrganizationwithIndustryTest -->
