<?xml version="1.0" encoding="UTF-8"?>
<!-- Generated by org.testng.reporters.JUnitReportReporter -->
<testsuite hostname="DESKTOP-21J6DGF" failures="0" tests="1" name="com.crm.vtiger.TestCaseWithPom.TC_37_SearchLeadByLeadNumber_Test" time="34.169" errors="0" timestamp="2021-05-06T09:29:02 PDT" skipped="0">
  <testcase classname="com.crm.vtiger.TestCaseWithPom.TC_37_SearchLeadByLeadNumber_Test" name="searchLeadbyLeadNo" time="34.169"/>
  <system-out>
Searched Lead Number is Displayed  </system-out>
</testsuite> <!-- com.crm.vtiger.TestCaseWithPom.TC_37_SearchLeadByLeadNumber_Test -->
