<?xml version="1.0" encoding="UTF-8"?>
<!-- Generated by org.testng.reporters.JUnitReportReporter -->
<testsuite hostname="DESKTOP-21J6DGF" failures="0" tests="1" name="com.crm.vtiger.TestCase.Base.TC_37_SearchLeadByLeadNumber_Test" time="48.340" errors="0" timestamp="2021-05-04T19:55:19 PDT" skipped="0">
  <testcase classname="com.crm.vtiger.TestCase.Base.TC_37_SearchLeadByLeadNumber_Test" name="searchLeadbyLeadNo" time="48.340"/>
  <system-out>
the expected data isLEA147  </system-out>
</testsuite> <!-- com.crm.vtiger.TestCase.Base.TC_37_SearchLeadByLeadNumber_Test -->
